15.1.2022, 10:57:47 - INFO - server - Server is running on port: 3030 
15.1.2022, 11:02:15 - DEBUG - auth.service - login with username: demo (sid: -qpWTI1czeCc2TIRgl-V-qmytnDiQ2dT)
15.1.2022, 11:11:13 - INFO - server - Server is running on port: 3030 
15.1.2022, 11:11:28 - DEBUG - auth.service - login with username: demo (sid: 42r9l6WDL62H8grXFytKfU6pyXKgAPdr)
15.1.2022, 11:11:43 - INFO - server - Server is running on port: 3030 
15.1.2022, 11:12:25 - INFO - server - Server is running on port: 3030 
15.1.2022, 11:12:28 - DEBUG - auth.service - login with username: demo (sid: BmXznCePO4nugfNXI6-CP9YojIe7XWHv)
15.1.2022, 11:14:30 - INFO - server - Server is running on port: 3030 
15.1.2022, 11:14:33 - DEBUG - auth.service - login with username: demo (sid: 43M7wLYByKGb2MzF636z7FMF-vp_LQF4)
15.1.2022, 11:14:56 - INFO - server - Server is running on port: 3030 
15.1.2022, 11:14:58 - DEBUG - auth.service - login with username: demo (sid: 8xbLoQtYPOr5JKT7ZoQ41AbmzW18jQQP)
15.1.2022, 11:16:30 - INFO - server - Server is running on port: 3030 
15.1.2022, 11:16:42 - DEBUG - auth.service - login with username: demo (sid: x5-MFGLoDY-lI1tzsqSLD_z07gtiKU0k)
15.1.2022, 11:18:42 - ERROR - wap.service - Cannot finding wap ddss | {} (sid: x5-MFGLoDY-lI1tzsqSLD_z07gtiKU0k)
15.1.2022, 11:18:42 - ERROR - wap.controller - Failed to get wap | {} (sid: x5-MFGLoDY-lI1tzsqSLD_z07gtiKU0k)
15.1.2022, 11:20:17 - ERROR - wap.service - Cannot finding wap 222 | {} (sid: x5-MFGLoDY-lI1tzsqSLD_z07gtiKU0k)
15.1.2022, 11:20:17 - ERROR - wap.controller - Failed to get wap | {} (sid: x5-MFGLoDY-lI1tzsqSLD_z07gtiKU0k)
15.1.2022, 11:22:52 - DEBUG - auth.service - login with username: demo (sid: x5-MFGLoDY-lI1tzsqSLD_z07gtiKU0k)
15.1.2022, 11:23:12 - ERROR - wap.service - Cannot finding wap dave | {} (sid: x5-MFGLoDY-lI1tzsqSLD_z07gtiKU0k)
15.1.2022, 11:23:12 - ERROR - wap.controller - Failed to get wap | {} (sid: x5-MFGLoDY-lI1tzsqSLD_z07gtiKU0k)
15.1.2022, 11:24:42 - ERROR - wap.service - Cannot finding wap 1111 | {} (sid: x5-MFGLoDY-lI1tzsqSLD_z07gtiKU0k)
15.1.2022, 11:24:42 - ERROR - wap.controller - Failed to get wap | {} (sid: x5-MFGLoDY-lI1tzsqSLD_z07gtiKU0k)
15.1.2022, 11:25:20 - ERROR - wap.service - Cannot finding wap ddddddd | {} (sid: x5-MFGLoDY-lI1tzsqSLD_z07gtiKU0k)
15.1.2022, 11:25:20 - ERROR - wap.controller - Failed to get wap | {} (sid: x5-MFGLoDY-lI1tzsqSLD_z07gtiKU0k)
15.1.2022, 11:29:35 - INFO - server - Server is running on port: 3030 
15.1.2022, 11:30:55 - INFO - server - Server is running on port: 3030 
15.1.2022, 11:31:21 - DEBUG - auth.service - login with username: demo (sid: cPnlhVLnC2dFcZQ5cMMUp0tssUwB0dIE)
15.1.2022, 11:32:02 - ERROR - wap.service - Cannot finding wap 1 | {} (sid: cPnlhVLnC2dFcZQ5cMMUp0tssUwB0dIE)
15.1.2022, 11:32:02 - ERROR - wap.controller - Failed to get wap | {} (sid: cPnlhVLnC2dFcZQ5cMMUp0tssUwB0dIE)
15.1.2022, 11:41:43 - DEBUG - auth.service - login with username: demo (sid: cPnlhVLnC2dFcZQ5cMMUp0tssUwB0dIE)
15.1.2022, 11:43:47 - DEBUG - auth.service - login with username: demo (sid: cPnlhVLnC2dFcZQ5cMMUp0tssUwB0dIE)
15.1.2022, 11:45:24 - DEBUG - auth.service - login with username: demo (sid: cPnlhVLnC2dFcZQ5cMMUp0tssUwB0dIE)
15.1.2022, 11:52:57 - DEBUG - auth.service - login with username: demo (sid: cPnlhVLnC2dFcZQ5cMMUp0tssUwB0dIE)
15.1.2022, 11:54:06 - DEBUG - auth.service - login with username: demo (sid: cPnlhVLnC2dFcZQ5cMMUp0tssUwB0dIE)
15.1.2022, 11:54:44 - DEBUG - auth.service - login with username: demo (sid: cPnlhVLnC2dFcZQ5cMMUp0tssUwB0dIE)
15.1.2022, 11:55:05 - ERROR - wap.service - Cannot finding wap 2 | {} (sid: cPnlhVLnC2dFcZQ5cMMUp0tssUwB0dIE)
15.1.2022, 11:55:05 - ERROR - wap.controller - Failed to get wap | {} (sid: cPnlhVLnC2dFcZQ5cMMUp0tssUwB0dIE)
15.1.2022, 11:55:33 - ERROR - wap.service - Cannot finding wap 4 | {} (sid: cPnlhVLnC2dFcZQ5cMMUp0tssUwB0dIE)
15.1.2022, 11:55:33 - ERROR - wap.controller - Failed to get wap | {} (sid: cPnlhVLnC2dFcZQ5cMMUp0tssUwB0dIE)
15.1.2022, 11:57:27 - DEBUG - auth.service - login with username: demo (sid: cPnlhVLnC2dFcZQ5cMMUp0tssUwB0dIE)
15.1.2022, 11:57:36 - DEBUG - auth.service - login with username: demo (sid: cPnlhVLnC2dFcZQ5cMMUp0tssUwB0dIE)
15.1.2022, 11:58:20 - DEBUG - auth.service - login with username: demo (sid: cPnlhVLnC2dFcZQ5cMMUp0tssUwB0dIE)
15.1.2022, 11:58:56 - DEBUG - auth.service - login with username: demo (sid: cPnlhVLnC2dFcZQ5cMMUp0tssUwB0dIE)
15.1.2022, 12:29:01 - DEBUG - auth.service - login with username: demo (sid: cPnlhVLnC2dFcZQ5cMMUp0tssUwB0dIE)
15.1.2022, 12:30:02 - DEBUG - auth.service - login with username: demo (sid: cPnlhVLnC2dFcZQ5cMMUp0tssUwB0dIE)
15.1.2022, 12:30:06 - ERROR - wap.service - Cannot finding wap 1 | {} (sid: cPnlhVLnC2dFcZQ5cMMUp0tssUwB0dIE)
15.1.2022, 12:30:06 - ERROR - wap.controller - Failed to get wap | {} (sid: cPnlhVLnC2dFcZQ5cMMUp0tssUwB0dIE)
15.1.2022, 12:30:39 - ERROR - wap.service - Cannot finding wap badNnMxHN7 | {} (sid: cPnlhVLnC2dFcZQ5cMMUp0tssUwB0dIE)
15.1.2022, 12:30:39 - ERROR - wap.controller - Failed to get wap | {} (sid: cPnlhVLnC2dFcZQ5cMMUp0tssUwB0dIE)
15.1.2022, 12:31:06 - ERROR - wap.service - Cannot finding wap 222 | {} (sid: cPnlhVLnC2dFcZQ5cMMUp0tssUwB0dIE)
15.1.2022, 12:31:06 - ERROR - wap.controller - Failed to get wap | {} (sid: cPnlhVLnC2dFcZQ5cMMUp0tssUwB0dIE)
15.1.2022, 12:35:47 - ERROR - wap.service - Cannot finding wap 1 | {} (sid: cPnlhVLnC2dFcZQ5cMMUp0tssUwB0dIE)
15.1.2022, 12:35:47 - ERROR - wap.controller - Failed to get wap | {} (sid: cPnlhVLnC2dFcZQ5cMMUp0tssUwB0dIE)
15.1.2022, 12:35:57 - ERROR - wap.service - Cannot finding wap 2 | {} (sid: cPnlhVLnC2dFcZQ5cMMUp0tssUwB0dIE)
15.1.2022, 12:35:57 - ERROR - wap.controller - Failed to get wap | {} (sid: cPnlhVLnC2dFcZQ5cMMUp0tssUwB0dIE)
15.1.2022, 12:36:05 - ERROR - wap.service - Cannot finding wap 3 | {} (sid: cPnlhVLnC2dFcZQ5cMMUp0tssUwB0dIE)
15.1.2022, 12:36:05 - ERROR - wap.controller - Failed to get wap | {} (sid: cPnlhVLnC2dFcZQ5cMMUp0tssUwB0dIE)
15.1.2022, 12:40:54 - ERROR - wap.service - Cannot finding wap fds | {} (sid: cPnlhVLnC2dFcZQ5cMMUp0tssUwB0dIE)
15.1.2022, 12:40:54 - ERROR - wap.controller - Failed to get wap | {} (sid: cPnlhVLnC2dFcZQ5cMMUp0tssUwB0dIE)
15.1.2022, 12:40:58 - ERROR - wap.service - Cannot finding wap v796d5Ey7dR | {} (sid: cPnlhVLnC2dFcZQ5cMMUp0tssUwB0dIE)
15.1.2022, 12:40:58 - ERROR - wap.controller - Failed to get wap | {} (sid: cPnlhVLnC2dFcZQ5cMMUp0tssUwB0dIE)
15.1.2022, 12:41:03 - ERROR - wap.service - Cannot finding wap fdss | {} (sid: cPnlhVLnC2dFcZQ5cMMUp0tssUwB0dIE)
15.1.2022, 12:41:03 - ERROR - wap.controller - Failed to get wap | {} (sid: cPnlhVLnC2dFcZQ5cMMUp0tssUwB0dIE)
15.1.2022, 12:41:07 - ERROR - wap.service - Cannot finding wap fdsd | {} (sid: cPnlhVLnC2dFcZQ5cMMUp0tssUwB0dIE)
15.1.2022, 12:41:07 - ERROR - wap.controller - Failed to get wap | {} (sid: cPnlhVLnC2dFcZQ5cMMUp0tssUwB0dIE)
15.1.2022, 12:41:11 - ERROR - wap.service - Cannot finding wap fdsds | {} (sid: cPnlhVLnC2dFcZQ5cMMUp0tssUwB0dIE)
15.1.2022, 12:41:11 - ERROR - wap.controller - Failed to get wap | {} (sid: cPnlhVLnC2dFcZQ5cMMUp0tssUwB0dIE)
15.1.2022, 12:41:14 - ERROR - wap.service - Cannot finding wap fdsd | {} (sid: cPnlhVLnC2dFcZQ5cMMUp0tssUwB0dIE)
15.1.2022, 12:41:14 - ERROR - wap.controller - Failed to get wap | {} (sid: cPnlhVLnC2dFcZQ5cMMUp0tssUwB0dIE)
15.1.2022, 12:45:49 - INFO - server - Server is running on port: 3030 
15.1.2022, 12:46:49 - INFO - server - Server is running on port: 3030 
15.1.2022, 12:46:57 - DEBUG - auth.service - login with username: demo (sid: iObbHMw5ljDT2vdjliVFxZXPuj9qJUYF)
15.1.2022, 12:51:03 - INFO - server - Server is running on port: 3030 
15.1.2022, 12:51:42 - INFO - server - Server is running on port: 3030 
15.1.2022, 12:51:47 - DEBUG - auth.service - login with username: demo (sid: yiJPZwxBlDx95SK-Aogi8ewJLPqGeYtj)
15.1.2022, 12:52:55 - INFO - server - Server is running on port: 3030 
15.1.2022, 12:57:00 - DEBUG - auth.service - login with username: demo (sid: uwicuCjvG6kdS0r-UMfLc-fTxn9YA70l)
15.1.2022, 12:58:09 - INFO - server - Server is running on port: 3030 
15.1.2022, 12:58:18 - DEBUG - auth.service - login with username: demo (sid: ycMqVsBcsrO1Bg5d7XohadHbZ45UxfNO)
15.1.2022, 12:58:43 - INFO - server - Server is running on port: 3030 
15.1.2022, 12:59:21 - DEBUG - auth.service - login with username: demo (sid: meIV65CiblBnL709mSxc4pGTGlYN_sRf)
15.1.2022, 13:00:33 - ERROR - wap.service - Cannot finding wap 6164652f381d1f42015a3aaf | {} (sid: meIV65CiblBnL709mSxc4pGTGlYN_sRf)
15.1.2022, 13:00:33 - ERROR - wap.controller - Failed to get wap | {} (sid: meIV65CiblBnL709mSxc4pGTGlYN_sRf)
